[0.015s] Invoking command in '/root/config/rm_pioneer_config/build/rm_pioneer_bringup': AMENT_PREFIX_PATH=/root/config/rm_pioneer_config/install/rm_pioneer_description:${AMENT_PREFIX_PATH} CMAKE_PREFIX_PATH=/root/config/rm_pioneer_config/install/rm_pioneer_description:/root/ros_ws/install/rm_pioneer_bringup:/root/ros_ws/install/rm_serial_driver:/root/ros_ws/install/rm_realsense_camera:/root/ros_ws/install/rm_pioneer_description:/root/ros_ws/install/mindvision_camera:/root/ros_ws/install/auto_aim_bringup:/root/ros_ws/install/armor_processor:/root/ros_ws/install/armor_detector:/root/ros_ws/install/auto_aim_interfaces:/opt/ros/galactic /usr/bin/cmake --build /root/config/rm_pioneer_config/build/rm_pioneer_bringup -- -j8 -l8
[0.056s] Invoked command in '/root/config/rm_pioneer_config/build/rm_pioneer_bringup' returned '0': AMENT_PREFIX_PATH=/root/config/rm_pioneer_config/install/rm_pioneer_description:${AMENT_PREFIX_PATH} CMAKE_PREFIX_PATH=/root/config/rm_pioneer_config/install/rm_pioneer_description:/root/ros_ws/install/rm_pioneer_bringup:/root/ros_ws/install/rm_serial_driver:/root/ros_ws/install/rm_realsense_camera:/root/ros_ws/install/rm_pioneer_description:/root/ros_ws/install/mindvision_camera:/root/ros_ws/install/auto_aim_bringup:/root/ros_ws/install/armor_processor:/root/ros_ws/install/armor_detector:/root/ros_ws/install/auto_aim_interfaces:/opt/ros/galactic /usr/bin/cmake --build /root/config/rm_pioneer_config/build/rm_pioneer_bringup -- -j8 -l8
[0.081s] Invoking command in '/root/config/rm_pioneer_config/build/rm_pioneer_bringup': AMENT_PREFIX_PATH=/root/config/rm_pioneer_config/install/rm_pioneer_description:${AMENT_PREFIX_PATH} CMAKE_PREFIX_PATH=/root/config/rm_pioneer_config/install/rm_pioneer_description:/root/ros_ws/install/rm_pioneer_bringup:/root/ros_ws/install/rm_serial_driver:/root/ros_ws/install/rm_realsense_camera:/root/ros_ws/install/rm_pioneer_description:/root/ros_ws/install/mindvision_camera:/root/ros_ws/install/auto_aim_bringup:/root/ros_ws/install/armor_processor:/root/ros_ws/install/armor_detector:/root/ros_ws/install/auto_aim_interfaces:/opt/ros/galactic /usr/bin/cmake --install /root/config/rm_pioneer_config/build/rm_pioneer_bringup
[0.090s] -- Install configuration: ""
[0.091s] -- Up-to-date: /root/config/rm_pioneer_config/install/rm_pioneer_bringup/share/rm_pioneer_bringup/launch
[0.091s] -- Up-to-date: /root/config/rm_pioneer_config/install/rm_pioneer_bringup/share/rm_pioneer_bringup/launch/vision_bringup.launch.py
[0.091s] -- Up-to-date: /root/config/rm_pioneer_config/install/rm_pioneer_bringup/share/rm_pioneer_bringup/launch/visualization.launch.py
[0.091s] -- Up-to-date: /root/config/rm_pioneer_config/install/rm_pioneer_bringup/share/rm_pioneer_bringup/config
[0.091s] -- Up-to-date: /root/config/rm_pioneer_config/install/rm_pioneer_bringup/share/rm_pioneer_bringup/config/camera_info.yaml
[0.091s] -- Up-to-date: /root/config/rm_pioneer_config/install/rm_pioneer_bringup/share/rm_pioneer_bringup/config/params.yaml
[0.091s] -- Up-to-date: /root/config/rm_pioneer_config/install/rm_pioneer_bringup/share/rm_pioneer_bringup/rviz
[0.091s] -- Up-to-date: /root/config/rm_pioneer_config/install/rm_pioneer_bringup/share/rm_pioneer_bringup/rviz/vision.rviz
[0.091s] -- Up-to-date: /root/config/rm_pioneer_config/install/rm_pioneer_bringup/share/ament_index/resource_index/package_run_dependencies/rm_pioneer_bringup
[0.091s] -- Up-to-date: /root/config/rm_pioneer_config/install/rm_pioneer_bringup/share/ament_index/resource_index/parent_prefix_path/rm_pioneer_bringup
[0.092s] -- Up-to-date: /root/config/rm_pioneer_config/install/rm_pioneer_bringup/share/rm_pioneer_bringup/environment/ament_prefix_path.sh
[0.092s] -- Up-to-date: /root/config/rm_pioneer_config/install/rm_pioneer_bringup/share/rm_pioneer_bringup/environment/ament_prefix_path.dsv
[0.092s] -- Up-to-date: /root/config/rm_pioneer_config/install/rm_pioneer_bringup/share/rm_pioneer_bringup/environment/path.sh
[0.092s] -- Up-to-date: /root/config/rm_pioneer_config/install/rm_pioneer_bringup/share/rm_pioneer_bringup/environment/path.dsv
[0.092s] -- Up-to-date: /root/config/rm_pioneer_config/install/rm_pioneer_bringup/share/rm_pioneer_bringup/local_setup.bash
[0.092s] -- Up-to-date: /root/config/rm_pioneer_config/install/rm_pioneer_bringup/share/rm_pioneer_bringup/local_setup.sh
[0.092s] -- Up-to-date: /root/config/rm_pioneer_config/install/rm_pioneer_bringup/share/rm_pioneer_bringup/local_setup.zsh
[0.092s] -- Up-to-date: /root/config/rm_pioneer_config/install/rm_pioneer_bringup/share/rm_pioneer_bringup/local_setup.dsv
[0.092s] -- Installing: /root/config/rm_pioneer_config/install/rm_pioneer_bringup/share/rm_pioneer_bringup/package.dsv
[0.092s] -- Up-to-date: /root/config/rm_pioneer_config/install/rm_pioneer_bringup/share/ament_index/resource_index/packages/rm_pioneer_bringup
[0.092s] -- Up-to-date: /root/config/rm_pioneer_config/install/rm_pioneer_bringup/share/rm_pioneer_bringup/cmake/rm_pioneer_bringupConfig.cmake
[0.092s] -- Up-to-date: /root/config/rm_pioneer_config/install/rm_pioneer_bringup/share/rm_pioneer_bringup/cmake/rm_pioneer_bringupConfig-version.cmake
[0.092s] -- Up-to-date: /root/config/rm_pioneer_config/install/rm_pioneer_bringup/share/rm_pioneer_bringup/package.xml
[0.093s] Invoked command in '/root/config/rm_pioneer_config/build/rm_pioneer_bringup' returned '0': AMENT_PREFIX_PATH=/root/config/rm_pioneer_config/install/rm_pioneer_description:${AMENT_PREFIX_PATH} CMAKE_PREFIX_PATH=/root/config/rm_pioneer_config/install/rm_pioneer_description:/root/ros_ws/install/rm_pioneer_bringup:/root/ros_ws/install/rm_serial_driver:/root/ros_ws/install/rm_realsense_camera:/root/ros_ws/install/rm_pioneer_description:/root/ros_ws/install/mindvision_camera:/root/ros_ws/install/auto_aim_bringup:/root/ros_ws/install/armor_processor:/root/ros_ws/install/armor_detector:/root/ros_ws/install/auto_aim_interfaces:/opt/ros/galactic /usr/bin/cmake --install /root/config/rm_pioneer_config/build/rm_pioneer_bringup
