-- Install configuration: ""
-- Up-to-date: /root/config/rm_pioneer_config/install/rm_pioneer_description/share/rm_pioneer_description/launch
-- Up-to-date: /root/config/rm_pioneer_config/install/rm_pioneer_description/share/rm_pioneer_description/launch/view_model.launch.py
-- Up-to-date: /root/config/rm_pioneer_config/install/rm_pioneer_description/share/rm_pioneer_description/launch/view_model.rviz
-- Up-to-date: /root/config/rm_pioneer_config/install/rm_pioneer_description/share/rm_pioneer_description/meshes
-- Up-to-date: /root/config/rm_pioneer_config/install/rm_pioneer_description/share/rm_pioneer_description/meshes/top_pitch_link.STL
-- Up-to-date: /root/config/rm_pioneer_config/install/rm_pioneer_description/share/rm_pioneer_description/meshes/top_yaw_link.STL
-- Up-to-date: /root/config/rm_pioneer_config/install/rm_pioneer_description/share/rm_pioneer_description/meshes/top_camera_base_link.STL
-- Up-to-date: /root/config/rm_pioneer_config/install/rm_pioneer_description/share/rm_pioneer_description/urdf
-- Installing: /root/config/rm_pioneer_config/install/rm_pioneer_description/share/rm_pioneer_description/urdf/gimbal.urdf.xacro
-- Up-to-date: /root/config/rm_pioneer_config/install/rm_pioneer_description/share/rm_pioneer_description/ros2_control
-- Up-to-date: /root/config/rm_pioneer_config/install/rm_pioneer_description/share/rm_pioneer_description/ros2_control/guard.ros2_control.xacro
-- Up-to-date: /root/config/rm_pioneer_config/install/rm_pioneer_description/share/ament_index/resource_index/package_run_dependencies/rm_pioneer_description
-- Up-to-date: /root/config/rm_pioneer_config/install/rm_pioneer_description/share/ament_index/resource_index/parent_prefix_path/rm_pioneer_description
-- Up-to-date: /root/config/rm_pioneer_config/install/rm_pioneer_description/share/rm_pioneer_description/environment/ament_prefix_path.sh
-- Up-to-date: /root/config/rm_pioneer_config/install/rm_pioneer_description/share/rm_pioneer_description/environment/ament_prefix_path.dsv
-- Up-to-date: /root/config/rm_pioneer_config/install/rm_pioneer_description/share/rm_pioneer_description/environment/path.sh
-- Up-to-date: /root/config/rm_pioneer_config/install/rm_pioneer_description/share/rm_pioneer_description/environment/path.dsv
-- Up-to-date: /root/config/rm_pioneer_config/install/rm_pioneer_description/share/rm_pioneer_description/local_setup.bash
-- Up-to-date: /root/config/rm_pioneer_config/install/rm_pioneer_description/share/rm_pioneer_description/local_setup.sh
-- Up-to-date: /root/config/rm_pioneer_config/install/rm_pioneer_description/share/rm_pioneer_description/local_setup.zsh
-- Up-to-date: /root/config/rm_pioneer_config/install/rm_pioneer_description/share/rm_pioneer_description/local_setup.dsv
-- Up-to-date: /root/config/rm_pioneer_config/install/rm_pioneer_description/share/rm_pioneer_description/package.dsv
-- Up-to-date: /root/config/rm_pioneer_config/install/rm_pioneer_description/share/ament_index/resource_index/packages/rm_pioneer_description
-- Up-to-date: /root/config/rm_pioneer_config/install/rm_pioneer_description/share/rm_pioneer_description/cmake/rm_pioneer_descriptionConfig.cmake
-- Up-to-date: /root/config/rm_pioneer_config/install/rm_pioneer_description/share/rm_pioneer_description/cmake/rm_pioneer_descriptionConfig-version.cmake
-- Up-to-date: /root/config/rm_pioneer_config/install/rm_pioneer_description/share/rm_pioneer_description/package.xml
