-- Install configuration: ""
-- Up-to-date: /root/config/rm_pioneer_config/install/rm_pioneer_bringup/share/rm_pioneer_bringup/launch
-- Up-to-date: /root/config/rm_pioneer_config/install/rm_pioneer_bringup/share/rm_pioneer_bringup/launch/vision_bringup.launch.py
-- Up-to-date: /root/config/rm_pioneer_config/install/rm_pioneer_bringup/share/rm_pioneer_bringup/launch/visualization.launch.py
-- Up-to-date: /root/config/rm_pioneer_config/install/rm_pioneer_bringup/share/rm_pioneer_bringup/config
-- Up-to-date: /root/config/rm_pioneer_config/install/rm_pioneer_bringup/share/rm_pioneer_bringup/config/camera_info.yaml
-- Up-to-date: /root/config/rm_pioneer_config/install/rm_pioneer_bringup/share/rm_pioneer_bringup/config/params.yaml
-- Up-to-date: /root/config/rm_pioneer_config/install/rm_pioneer_bringup/share/rm_pioneer_bringup/rviz
-- Up-to-date: /root/config/rm_pioneer_config/install/rm_pioneer_bringup/share/rm_pioneer_bringup/rviz/vision.rviz
-- Up-to-date: /root/config/rm_pioneer_config/install/rm_pioneer_bringup/share/ament_index/resource_index/package_run_dependencies/rm_pioneer_bringup
-- Up-to-date: /root/config/rm_pioneer_config/install/rm_pioneer_bringup/share/ament_index/resource_index/parent_prefix_path/rm_pioneer_bringup
-- Up-to-date: /root/config/rm_pioneer_config/install/rm_pioneer_bringup/share/rm_pioneer_bringup/environment/ament_prefix_path.sh
-- Up-to-date: /root/config/rm_pioneer_config/install/rm_pioneer_bringup/share/rm_pioneer_bringup/environment/ament_prefix_path.dsv
-- Up-to-date: /root/config/rm_pioneer_config/install/rm_pioneer_bringup/share/rm_pioneer_bringup/environment/path.sh
-- Up-to-date: /root/config/rm_pioneer_config/install/rm_pioneer_bringup/share/rm_pioneer_bringup/environment/path.dsv
-- Up-to-date: /root/config/rm_pioneer_config/install/rm_pioneer_bringup/share/rm_pioneer_bringup/local_setup.bash
-- Up-to-date: /root/config/rm_pioneer_config/install/rm_pioneer_bringup/share/rm_pioneer_bringup/local_setup.sh
-- Up-to-date: /root/config/rm_pioneer_config/install/rm_pioneer_bringup/share/rm_pioneer_bringup/local_setup.zsh
-- Up-to-date: /root/config/rm_pioneer_config/install/rm_pioneer_bringup/share/rm_pioneer_bringup/local_setup.dsv
-- Up-to-date: /root/config/rm_pioneer_config/install/rm_pioneer_bringup/share/rm_pioneer_bringup/package.dsv
-- Up-to-date: /root/config/rm_pioneer_config/install/rm_pioneer_bringup/share/ament_index/resource_index/packages/rm_pioneer_bringup
-- Up-to-date: /root/config/rm_pioneer_config/install/rm_pioneer_bringup/share/rm_pioneer_bringup/cmake/rm_pioneer_bringupConfig.cmake
-- Up-to-date: /root/config/rm_pioneer_config/install/rm_pioneer_bringup/share/rm_pioneer_bringup/cmake/rm_pioneer_bringupConfig-version.cmake
-- Up-to-date: /root/config/rm_pioneer_config/install/rm_pioneer_bringup/share/rm_pioneer_bringup/package.xml
