[0.014s] Invoking command in '/root/config/rm_pioneer_config/build/rm_pioneer_description': CMAKE_PREFIX_PATH=${CMAKE_PREFIX_PATH}:/opt/ros/galactic /usr/bin/cmake /root/config/rm_pioneer_config/rm_pioneer_description -DCMAKE_INSTALL_PREFIX=/root/config/rm_pioneer_config/install/rm_pioneer_description
[0.216s] -- The C compiler identification is GNU 9.4.0
[0.295s] -- The CXX compiler identification is GNU 9.4.0
[0.302s] -- Check for working C compiler: /usr/bin/cc
[0.377s] -- Check for working C compiler: /usr/bin/cc -- works
[0.378s] -- Detecting C compiler ABI info
[0.454s] -- Detecting C compiler ABI info - done
[0.466s] -- Detecting C compile features
[0.467s] -- Detecting C compile features - done
[0.469s] -- Check for working CXX compiler: /usr/bin/c++
[0.546s] -- Check for working CXX compiler: /usr/bin/c++ -- works
[0.547s] -- Detecting CXX compiler ABI info
[0.626s] -- Detecting CXX compiler ABI info - done
[0.637s] -- Detecting CXX compile features
[0.637s] -- Detecting CXX compile features - done
[0.644s] -- Found ament_cmake: 1.1.5 (/opt/ros/galactic/share/ament_cmake/cmake)
[0.670s] -- Found PythonInterp: /usr/bin/python3 (found suitable version "3.8.10", minimum required is "3") 
[0.670s] -- Using PYTHON_EXECUTABLE: /usr/bin/python3
[0.761s] -- Found ament_lint_auto: 0.10.6 (/opt/ros/galactic/share/ament_lint_auto/cmake)
[0.838s] -- Added test 'flake8' to check Python code syntax and style conventions
[0.839s] -- Added test 'lint_cmake' to check CMake code style
[0.839s] -- Added test 'pep257' to check Python code against some of the style conventions in PEP 257
[0.840s] -- Added test 'xmllint' to check XML markup files
[0.843s] -- Configuring done
[0.844s] -- Generating done
[0.846s] -- Build files have been written to: /root/config/rm_pioneer_config/build/rm_pioneer_description
[0.849s] Invoked command in '/root/config/rm_pioneer_config/build/rm_pioneer_description' returned '0': CMAKE_PREFIX_PATH=${CMAKE_PREFIX_PATH}:/opt/ros/galactic /usr/bin/cmake /root/config/rm_pioneer_config/rm_pioneer_description -DCMAKE_INSTALL_PREFIX=/root/config/rm_pioneer_config/install/rm_pioneer_description
[0.852s] Invoking command in '/root/config/rm_pioneer_config/build/rm_pioneer_description': CMAKE_PREFIX_PATH=${CMAKE_PREFIX_PATH}:/opt/ros/galactic /usr/bin/cmake --build /root/config/rm_pioneer_config/build/rm_pioneer_description -- -j8 -l8
[0.889s] Invoked command in '/root/config/rm_pioneer_config/build/rm_pioneer_description' returned '0': CMAKE_PREFIX_PATH=${CMAKE_PREFIX_PATH}:/opt/ros/galactic /usr/bin/cmake --build /root/config/rm_pioneer_config/build/rm_pioneer_description -- -j8 -l8
[0.923s] Invoking command in '/root/config/rm_pioneer_config/build/rm_pioneer_description': CMAKE_PREFIX_PATH=${CMAKE_PREFIX_PATH}:/opt/ros/galactic /usr/bin/cmake --install /root/config/rm_pioneer_config/build/rm_pioneer_description
[0.931s] -- Install configuration: ""
[0.931s] -- Installing: /root/config/rm_pioneer_config/install/rm_pioneer_description/share/rm_pioneer_description/launch
[0.931s] -- Installing: /root/config/rm_pioneer_config/install/rm_pioneer_description/share/rm_pioneer_description/launch/view_model.launch.py
[0.932s] -- Installing: /root/config/rm_pioneer_config/install/rm_pioneer_description/share/rm_pioneer_description/launch/view_model.rviz
[0.932s] -- Installing: /root/config/rm_pioneer_config/install/rm_pioneer_description/share/rm_pioneer_description/meshes
[0.932s] -- Installing: /root/config/rm_pioneer_config/install/rm_pioneer_description/share/rm_pioneer_description/meshes/top_pitch_link.STL
[0.943s] -- Installing: /root/config/rm_pioneer_config/install/rm_pioneer_description/share/rm_pioneer_description/meshes/top_yaw_link.STL
[0.950s] -- Installing: /root/config/rm_pioneer_config/install/rm_pioneer_description/share/rm_pioneer_description/meshes/top_camera_base_link.STL
[0.950s] -- Installing: /root/config/rm_pioneer_config/install/rm_pioneer_description/share/rm_pioneer_description/urdf
[0.950s] -- Installing: /root/config/rm_pioneer_config/install/rm_pioneer_description/share/rm_pioneer_description/urdf/gimbal.urdf.xacro
[0.950s] -- Installing: /root/config/rm_pioneer_config/install/rm_pioneer_description/share/rm_pioneer_description/ros2_control
[0.950s] -- Installing: /root/config/rm_pioneer_config/install/rm_pioneer_description/share/rm_pioneer_description/ros2_control/guard.ros2_control.xacro
[0.950s] -- Installing: /root/config/rm_pioneer_config/install/rm_pioneer_description/share/ament_index/resource_index/package_run_dependencies/rm_pioneer_description
[0.951s] -- Installing: /root/config/rm_pioneer_config/install/rm_pioneer_description/share/ament_index/resource_index/parent_prefix_path/rm_pioneer_description
[0.951s] -- Installing: /root/config/rm_pioneer_config/install/rm_pioneer_description/share/rm_pioneer_description/environment/ament_prefix_path.sh
[0.951s] -- Installing: /root/config/rm_pioneer_config/install/rm_pioneer_description/share/rm_pioneer_description/environment/ament_prefix_path.dsv
[0.951s] -- Installing: /root/config/rm_pioneer_config/install/rm_pioneer_description/share/rm_pioneer_description/environment/path.sh
[0.951s] -- Installing: /root/config/rm_pioneer_config/install/rm_pioneer_description/share/rm_pioneer_description/environment/path.dsv
[0.951s] -- Installing: /root/config/rm_pioneer_config/install/rm_pioneer_description/share/rm_pioneer_description/local_setup.bash
[0.951s] -- Installing: /root/config/rm_pioneer_config/install/rm_pioneer_description/share/rm_pioneer_description/local_setup.sh
[0.952s] -- Installing: /root/config/rm_pioneer_config/install/rm_pioneer_description/share/rm_pioneer_description/local_setup.zsh
[0.952s] -- Installing: /root/config/rm_pioneer_config/install/rm_pioneer_description/share/rm_pioneer_description/local_setup.dsv
[0.952s] -- Installing: /root/config/rm_pioneer_config/install/rm_pioneer_description/share/rm_pioneer_description/package.dsv
[0.952s] -- Installing: /root/config/rm_pioneer_config/install/rm_pioneer_description/share/ament_index/resource_index/packages/rm_pioneer_description
[0.952s] -- Installing: /root/config/rm_pioneer_config/install/rm_pioneer_description/share/rm_pioneer_description/cmake/rm_pioneer_descriptionConfig.cmake
[0.952s] -- Installing: /root/config/rm_pioneer_config/install/rm_pioneer_description/share/rm_pioneer_description/cmake/rm_pioneer_descriptionConfig-version.cmake
[0.953s] -- Installing: /root/config/rm_pioneer_config/install/rm_pioneer_description/share/rm_pioneer_description/package.xml
[0.954s] Invoked command in '/root/config/rm_pioneer_config/build/rm_pioneer_description' returned '0': CMAKE_PREFIX_PATH=${CMAKE_PREFIX_PATH}:/opt/ros/galactic /usr/bin/cmake --install /root/config/rm_pioneer_config/build/rm_pioneer_description
