-- The C compiler identification is GNU 9.4.0
-- The CXX compiler identification is GNU 9.4.0
-- Check for working C compiler: /usr/bin/cc
-- Check for working C compiler: /usr/bin/cc -- works
-- Detecting C compiler ABI info
-- Detecting C compiler ABI info - done
-- Detecting C compile features
-- Detecting C compile features - done
-- Check for working CXX compiler: /usr/bin/c++
-- Check for working CXX compiler: /usr/bin/c++ -- works
-- Detecting CXX compiler ABI info
-- Detecting CXX compiler ABI info - done
-- Detecting CXX compile features
-- Detecting CXX compile features - done
-- Found ament_cmake_auto: 1.1.5 (/opt/ros/galactic/share/ament_cmake_auto/cmake)
-- Found PythonInterp: /usr/bin/python3 (found suitable version "3.8.10", minimum required is "3") 
-- Using PYTHON_EXECUTABLE: /usr/bin/python3
-- Found ament_lint_auto: 0.10.6 (/opt/ros/galactic/share/ament_lint_auto/cmake)
-- Added test 'flake8' to check Python code syntax and style conventions
-- Added test 'lint_cmake' to check CMake code style
-- Added test 'pep257' to check Python code against some of the style conventions in PEP 257
-- Added test 'xmllint' to check XML markup files
-- Configuring done
-- Generating done
-- Build files have been written to: /root/config/rm_pioneer_config/build/rm_pioneer_bringup
-- Install configuration: ""
-- Installing: /root/config/rm_pioneer_config/install/rm_pioneer_bringup/share/rm_pioneer_bringup/launch
-- Installing: /root/config/rm_pioneer_config/install/rm_pioneer_bringup/share/rm_pioneer_bringup/launch/vision_bringup.launch.py
-- Installing: /root/config/rm_pioneer_config/install/rm_pioneer_bringup/share/rm_pioneer_bringup/launch/visualization.launch.py
-- Installing: /root/config/rm_pioneer_config/install/rm_pioneer_bringup/share/rm_pioneer_bringup/config
-- Installing: /root/config/rm_pioneer_config/install/rm_pioneer_bringup/share/rm_pioneer_bringup/config/camera_info.yaml
-- Installing: /root/config/rm_pioneer_config/install/rm_pioneer_bringup/share/rm_pioneer_bringup/config/params.yaml
-- Installing: /root/config/rm_pioneer_config/install/rm_pioneer_bringup/share/rm_pioneer_bringup/rviz
-- Installing: /root/config/rm_pioneer_config/install/rm_pioneer_bringup/share/rm_pioneer_bringup/rviz/vision.rviz
-- Installing: /root/config/rm_pioneer_config/install/rm_pioneer_bringup/share/ament_index/resource_index/package_run_dependencies/rm_pioneer_bringup
-- Installing: /root/config/rm_pioneer_config/install/rm_pioneer_bringup/share/ament_index/resource_index/parent_prefix_path/rm_pioneer_bringup
-- Installing: /root/config/rm_pioneer_config/install/rm_pioneer_bringup/share/rm_pioneer_bringup/environment/ament_prefix_path.sh
-- Installing: /root/config/rm_pioneer_config/install/rm_pioneer_bringup/share/rm_pioneer_bringup/environment/ament_prefix_path.dsv
-- Installing: /root/config/rm_pioneer_config/install/rm_pioneer_bringup/share/rm_pioneer_bringup/environment/path.sh
-- Installing: /root/config/rm_pioneer_config/install/rm_pioneer_bringup/share/rm_pioneer_bringup/environment/path.dsv
-- Installing: /root/config/rm_pioneer_config/install/rm_pioneer_bringup/share/rm_pioneer_bringup/local_setup.bash
-- Installing: /root/config/rm_pioneer_config/install/rm_pioneer_bringup/share/rm_pioneer_bringup/local_setup.sh
-- Installing: /root/config/rm_pioneer_config/install/rm_pioneer_bringup/share/rm_pioneer_bringup/local_setup.zsh
-- Installing: /root/config/rm_pioneer_config/install/rm_pioneer_bringup/share/rm_pioneer_bringup/local_setup.dsv
-- Installing: /root/config/rm_pioneer_config/install/rm_pioneer_bringup/share/rm_pioneer_bringup/package.dsv
-- Installing: /root/config/rm_pioneer_config/install/rm_pioneer_bringup/share/ament_index/resource_index/packages/rm_pioneer_bringup
-- Installing: /root/config/rm_pioneer_config/install/rm_pioneer_bringup/share/rm_pioneer_bringup/cmake/rm_pioneer_bringupConfig.cmake
-- Installing: /root/config/rm_pioneer_config/install/rm_pioneer_bringup/share/rm_pioneer_bringup/cmake/rm_pioneer_bringupConfig-version.cmake
-- Installing: /root/config/rm_pioneer_config/install/rm_pioneer_bringup/share/rm_pioneer_bringup/package.xml
