[0.012s] Invoking command in '/root/config/rm_pioneer_config/build/rm_pioneer_bringup': AMENT_PREFIX_PATH=/root/config/rm_pioneer_config/install/rm_pioneer_description:${AMENT_PREFIX_PATH} CMAKE_PREFIX_PATH=/root/config/rm_pioneer_config/install/rm_pioneer_description:/root/ros_ws/install/rm_pioneer_bringup:/root/ros_ws/install/rm_serial_driver:/root/ros_ws/install/rm_realsense_camera:/root/ros_ws/install/rm_pioneer_description:/root/ros_ws/install/mindvision_camera:/root/ros_ws/install/auto_aim_bringup:/root/ros_ws/install/armor_processor:/root/ros_ws/install/armor_detector:/root/ros_ws/install/auto_aim_interfaces:/opt/ros/galactic /usr/bin/cmake /root/config/rm_pioneer_config/rm_pioneer_bringup -DCMAKE_INSTALL_PREFIX=/root/config/rm_pioneer_config/install/rm_pioneer_bringup
[0.063s] -- The C compiler identification is GNU 9.4.0
[0.114s] -- The CXX compiler identification is GNU 9.4.0
[0.119s] -- Check for working C compiler: /usr/bin/cc
[0.184s] -- Check for working C compiler: /usr/bin/cc -- works
[0.185s] -- Detecting C compiler ABI info
[0.250s] -- Detecting C compiler ABI info - done
[0.261s] -- Detecting C compile features
[0.262s] -- Detecting C compile features - done
[0.264s] -- Check for working CXX compiler: /usr/bin/c++
[0.340s] -- Check for working CXX compiler: /usr/bin/c++ -- works
[0.341s] -- Detecting CXX compiler ABI info
[0.416s] -- Detecting CXX compiler ABI info - done
[0.427s] -- Detecting CXX compile features
[0.427s] -- Detecting CXX compile features - done
[0.430s] -- Found ament_cmake_auto: 1.1.5 (/opt/ros/galactic/share/ament_cmake_auto/cmake)
[0.457s] -- Found PythonInterp: /usr/bin/python3 (found suitable version "3.8.10", minimum required is "3") 
[0.457s] -- Using PYTHON_EXECUTABLE: /usr/bin/python3
[0.546s] -- Found ament_lint_auto: 0.10.6 (/opt/ros/galactic/share/ament_lint_auto/cmake)
[0.627s] -- Added test 'flake8' to check Python code syntax and style conventions
[0.627s] -- Added test 'lint_cmake' to check CMake code style
[0.628s] -- Added test 'pep257' to check Python code against some of the style conventions in PEP 257
[0.629s] -- Added test 'xmllint' to check XML markup files
[0.631s] -- Configuring done
[0.633s] -- Generating done
[0.634s] -- Build files have been written to: /root/config/rm_pioneer_config/build/rm_pioneer_bringup
[0.639s] Invoked command in '/root/config/rm_pioneer_config/build/rm_pioneer_bringup' returned '0': AMENT_PREFIX_PATH=/root/config/rm_pioneer_config/install/rm_pioneer_description:${AMENT_PREFIX_PATH} CMAKE_PREFIX_PATH=/root/config/rm_pioneer_config/install/rm_pioneer_description:/root/ros_ws/install/rm_pioneer_bringup:/root/ros_ws/install/rm_serial_driver:/root/ros_ws/install/rm_realsense_camera:/root/ros_ws/install/rm_pioneer_description:/root/ros_ws/install/mindvision_camera:/root/ros_ws/install/auto_aim_bringup:/root/ros_ws/install/armor_processor:/root/ros_ws/install/armor_detector:/root/ros_ws/install/auto_aim_interfaces:/opt/ros/galactic /usr/bin/cmake /root/config/rm_pioneer_config/rm_pioneer_bringup -DCMAKE_INSTALL_PREFIX=/root/config/rm_pioneer_config/install/rm_pioneer_bringup
[0.641s] Invoking command in '/root/config/rm_pioneer_config/build/rm_pioneer_bringup': AMENT_PREFIX_PATH=/root/config/rm_pioneer_config/install/rm_pioneer_description:${AMENT_PREFIX_PATH} CMAKE_PREFIX_PATH=/root/config/rm_pioneer_config/install/rm_pioneer_description:/root/ros_ws/install/rm_pioneer_bringup:/root/ros_ws/install/rm_serial_driver:/root/ros_ws/install/rm_realsense_camera:/root/ros_ws/install/rm_pioneer_description:/root/ros_ws/install/mindvision_camera:/root/ros_ws/install/auto_aim_bringup:/root/ros_ws/install/armor_processor:/root/ros_ws/install/armor_detector:/root/ros_ws/install/auto_aim_interfaces:/opt/ros/galactic /usr/bin/cmake --build /root/config/rm_pioneer_config/build/rm_pioneer_bringup -- -j8 -l8
[0.679s] Invoked command in '/root/config/rm_pioneer_config/build/rm_pioneer_bringup' returned '0': AMENT_PREFIX_PATH=/root/config/rm_pioneer_config/install/rm_pioneer_description:${AMENT_PREFIX_PATH} CMAKE_PREFIX_PATH=/root/config/rm_pioneer_config/install/rm_pioneer_description:/root/ros_ws/install/rm_pioneer_bringup:/root/ros_ws/install/rm_serial_driver:/root/ros_ws/install/rm_realsense_camera:/root/ros_ws/install/rm_pioneer_description:/root/ros_ws/install/mindvision_camera:/root/ros_ws/install/auto_aim_bringup:/root/ros_ws/install/armor_processor:/root/ros_ws/install/armor_detector:/root/ros_ws/install/auto_aim_interfaces:/opt/ros/galactic /usr/bin/cmake --build /root/config/rm_pioneer_config/build/rm_pioneer_bringup -- -j8 -l8
[0.703s] Invoking command in '/root/config/rm_pioneer_config/build/rm_pioneer_bringup': AMENT_PREFIX_PATH=/root/config/rm_pioneer_config/install/rm_pioneer_description:${AMENT_PREFIX_PATH} CMAKE_PREFIX_PATH=/root/config/rm_pioneer_config/install/rm_pioneer_description:/root/ros_ws/install/rm_pioneer_bringup:/root/ros_ws/install/rm_serial_driver:/root/ros_ws/install/rm_realsense_camera:/root/ros_ws/install/rm_pioneer_description:/root/ros_ws/install/mindvision_camera:/root/ros_ws/install/auto_aim_bringup:/root/ros_ws/install/armor_processor:/root/ros_ws/install/armor_detector:/root/ros_ws/install/auto_aim_interfaces:/opt/ros/galactic /usr/bin/cmake --install /root/config/rm_pioneer_config/build/rm_pioneer_bringup
[0.712s] -- Install configuration: ""
[0.712s] -- Installing: /root/config/rm_pioneer_config/install/rm_pioneer_bringup/share/rm_pioneer_bringup/launch
[0.712s] -- Installing: /root/config/rm_pioneer_config/install/rm_pioneer_bringup/share/rm_pioneer_bringup/launch/vision_bringup.launch.py
[0.713s] -- Installing: /root/config/rm_pioneer_config/install/rm_pioneer_bringup/share/rm_pioneer_bringup/launch/visualization.launch.py
[0.713s] -- Installing: /root/config/rm_pioneer_config/install/rm_pioneer_bringup/share/rm_pioneer_bringup/config
[0.713s] -- Installing: /root/config/rm_pioneer_config/install/rm_pioneer_bringup/share/rm_pioneer_bringup/config/camera_info.yaml
[0.713s] -- Installing: /root/config/rm_pioneer_config/install/rm_pioneer_bringup/share/rm_pioneer_bringup/config/params.yaml
[0.713s] -- Installing: /root/config/rm_pioneer_config/install/rm_pioneer_bringup/share/rm_pioneer_bringup/rviz
[0.713s] -- Installing: /root/config/rm_pioneer_config/install/rm_pioneer_bringup/share/rm_pioneer_bringup/rviz/vision.rviz
[0.713s] -- Installing: /root/config/rm_pioneer_config/install/rm_pioneer_bringup/share/ament_index/resource_index/package_run_dependencies/rm_pioneer_bringup
[0.713s] -- Installing: /root/config/rm_pioneer_config/install/rm_pioneer_bringup/share/ament_index/resource_index/parent_prefix_path/rm_pioneer_bringup
[0.714s] -- Installing: /root/config/rm_pioneer_config/install/rm_pioneer_bringup/share/rm_pioneer_bringup/environment/ament_prefix_path.sh
[0.714s] -- Installing: /root/config/rm_pioneer_config/install/rm_pioneer_bringup/share/rm_pioneer_bringup/environment/ament_prefix_path.dsv
[0.714s] -- Installing: /root/config/rm_pioneer_config/install/rm_pioneer_bringup/share/rm_pioneer_bringup/environment/path.sh
[0.714s] -- Installing: /root/config/rm_pioneer_config/install/rm_pioneer_bringup/share/rm_pioneer_bringup/environment/path.dsv
[0.715s] -- Installing: /root/config/rm_pioneer_config/install/rm_pioneer_bringup/share/rm_pioneer_bringup/local_setup.bash
[0.715s] -- Installing: /root/config/rm_pioneer_config/install/rm_pioneer_bringup/share/rm_pioneer_bringup/local_setup.sh
[0.715s] -- Installing: /root/config/rm_pioneer_config/install/rm_pioneer_bringup/share/rm_pioneer_bringup/local_setup.zsh
[0.715s] -- Installing: /root/config/rm_pioneer_config/install/rm_pioneer_bringup/share/rm_pioneer_bringup/local_setup.dsv
[0.715s] -- Installing: /root/config/rm_pioneer_config/install/rm_pioneer_bringup/share/rm_pioneer_bringup/package.dsv
[0.715s] -- Installing: /root/config/rm_pioneer_config/install/rm_pioneer_bringup/share/ament_index/resource_index/packages/rm_pioneer_bringup
[0.716s] -- Installing: /root/config/rm_pioneer_config/install/rm_pioneer_bringup/share/rm_pioneer_bringup/cmake/rm_pioneer_bringupConfig.cmake
[0.716s] -- Installing: /root/config/rm_pioneer_config/install/rm_pioneer_bringup/share/rm_pioneer_bringup/cmake/rm_pioneer_bringupConfig-version.cmake
[0.716s] -- Installing: /root/config/rm_pioneer_config/install/rm_pioneer_bringup/share/rm_pioneer_bringup/package.xml
[0.719s] Invoked command in '/root/config/rm_pioneer_config/build/rm_pioneer_bringup' returned '0': AMENT_PREFIX_PATH=/root/config/rm_pioneer_config/install/rm_pioneer_description:${AMENT_PREFIX_PATH} CMAKE_PREFIX_PATH=/root/config/rm_pioneer_config/install/rm_pioneer_description:/root/ros_ws/install/rm_pioneer_bringup:/root/ros_ws/install/rm_serial_driver:/root/ros_ws/install/rm_realsense_camera:/root/ros_ws/install/rm_pioneer_description:/root/ros_ws/install/mindvision_camera:/root/ros_ws/install/auto_aim_bringup:/root/ros_ws/install/armor_processor:/root/ros_ws/install/armor_detector:/root/ros_ws/install/auto_aim_interfaces:/opt/ros/galactic /usr/bin/cmake --install /root/config/rm_pioneer_config/build/rm_pioneer_bringup
